[2022-02-12 03:00:12.291] [exthost] [info] Extension host with pid 21978 started
[2022-02-12 03:00:12.291] [exthost] [info] Skipping acquiring lock for /home/david/.config/VSCodium/User/workspaceStorage/f99495079537a08aa9bbf6ca5216dfa4.
[2022-02-12 03:00:12.321] [exthost] [info] ExtensionService#_doActivateExtension vscode.debug-auto-launch, startup: true, activationEvent: '*'
[2022-02-12 03:00:12.323] [exthost] [info] ExtensionService#_doActivateExtension vscode.git-base, startup: true, activationEvent: '*', root cause: vscode.github
[2022-02-12 03:00:12.329] [exthost] [info] ExtensionService#_doActivateExtension vscode.git, startup: true, activationEvent: '*'
[2022-02-12 03:00:12.339] [exthost] [info] ExtensionService#_doActivateExtension vscode.github, startup: true, activationEvent: '*'
[2022-02-12 03:00:12.357] [exthost] [info] Eager extensions activated
[2022-02-12 03:00:12.366] [exthost] [info] ExtensionService#_doActivateExtension vscode.emmet, startup: false, activationEvent: 'onStartupFinished'
[2022-02-12 03:00:12.371] [exthost] [info] ExtensionService#_doActivateExtension vscode.merge-conflict, startup: false, activationEvent: 'onStartupFinished'
[2022-02-12 03:00:47.808] [exthost] [info] extension host terminating: renderer closed the socket
[2022-02-12 03:00:47.810] [exthost] [info] Extension host with pid 21978 exiting with code 0
[2022-02-12 03:00:49.206] [exthost] [info] Extension host with pid 22077 started
[2022-02-12 03:00:49.206] [exthost] [info] Skipping acquiring lock for /home/david/.config/VSCodium/User/workspaceStorage/671b0cef11966bd66efa33a40692474f.
[2022-02-12 03:00:49.243] [exthost] [info] ExtensionService#_doActivateExtension vscode.debug-auto-launch, startup: true, activationEvent: '*'
[2022-02-12 03:00:49.244] [exthost] [info] ExtensionService#_doActivateExtension vscode.git-base, startup: true, activationEvent: '*', root cause: vscode.github
[2022-02-12 03:00:49.255] [exthost] [info] ExtensionService#_doActivateExtension vscode.git, startup: true, activationEvent: '*'
[2022-02-12 03:00:49.265] [exthost] [info] ExtensionService#_doActivateExtension vscode.github, startup: true, activationEvent: '*'
[2022-02-12 03:00:49.282] [exthost] [info] Eager extensions activated
[2022-02-12 03:00:49.297] [exthost] [info] ExtensionService#_doActivateExtension vscode.emmet, startup: false, activationEvent: 'onStartupFinished'
[2022-02-12 03:00:49.300] [exthost] [info] ExtensionService#_doActivateExtension vscode.merge-conflict, startup: false, activationEvent: 'onStartupFinished'
